Analysis & Elaboration report for CPUVectorial
Fri Nov 13 21:36:24 2020
Quartus Prime Version 20.1.0 Build 711 06/05/2020 SJ Lite Edition


---------------------
; Table of Contents ;
---------------------
  1. Legal Notice
  2. Analysis & Elaboration Summary
  3. Parallel Compilation
  4. Analysis & Elaboration Settings
  5. Analysis & Elaboration Messages
  6. Analysis & Elaboration Suppressed Messages



----------------
; Legal Notice ;
----------------
Copyright (C) 2020  Intel Corporation. All rights reserved.
Your use of Intel Corporation's design tools, logic functions 
and other software and tools, and any partner logic 
functions, and any output files from any of the foregoing 
(including device programming or simulation files), and any 
associated documentation or information are expressly subject 
to the terms and conditions of the Intel Program License 
Subscription Agreement, the Intel Quartus Prime License Agreement,
the Intel FPGA IP License Agreement, or other applicable license
agreement, including, without limitation, that your use is for
the sole purpose of programming logic devices manufactured by
Intel and sold by Intel or its authorized distributors.  Please
refer to the applicable agreement for further details, at
https://fpgasoftware.intel.com/eula.



+-----------------------------------------------------------------------------+
; Analysis & Elaboration Summary                                              ;
+-------------------------------+---------------------------------------------+
; Analysis & Elaboration Status ; Successful - Fri Nov 13 21:36:24 2020       ;
; Quartus Prime Version         ; 20.1.0 Build 711 06/05/2020 SJ Lite Edition ;
; Revision Name                 ; CPUVectorial                                ;
; Top-level Entity Name         ; ControlUnit                                 ;
; Family                        ; Cyclone V                                   ;
; Logic utilization (in ALMs)   ; N/A until Partition Merge                   ;
; Total registers               ; N/A until Partition Merge                   ;
; Total pins                    ; N/A until Partition Merge                   ;
; Total virtual pins            ; N/A until Partition Merge                   ;
; Total block memory bits       ; N/A until Partition Merge                   ;
; Total PLLs                    ; N/A until Partition Merge                   ;
; Total DLLs                    ; N/A until Partition Merge                   ;
+-------------------------------+---------------------------------------------+


+------------------------------------------+
; Parallel Compilation                     ;
+----------------------------+-------------+
; Processors                 ; Number      ;
+----------------------------+-------------+
; Number detected on machine ; 8           ;
; Maximum allowed            ; 8           ;
;                            ;             ;
; Average used               ; 1.00        ;
; Maximum used               ; 1           ;
;                            ;             ;
; Usage by Processor         ; % Time Used ;
;     Processor 1            ; 100.0%      ;
+----------------------------+-------------+


+---------------------------------------------------------------------------------------------------------------------------+
; Analysis & Elaboration Settings                                                                                           ;
+---------------------------------------------------------------------------------+--------------------+--------------------+
; Option                                                                          ; Setting            ; Default Value      ;
+---------------------------------------------------------------------------------+--------------------+--------------------+
; Device                                                                          ; 5CSEMA4U23C6       ;                    ;
; Top-level entity name                                                           ; ControlUnit        ; CPUVectorial       ;
; Family name                                                                     ; Cyclone V          ; Cyclone V          ;
; Use smart compilation                                                           ; Off                ; Off                ;
; Enable parallel Assembler and Timing Analyzer during compilation                ; On                 ; On                 ;
; Enable compact report table                                                     ; Off                ; Off                ;
; Restructure Multiplexers                                                        ; Auto               ; Auto               ;
; MLAB Add Timing Constraints For Mixed-Port Feed-Through Mode Setting Don't Care ; Off                ; Off                ;
; Create Debugging Nodes for IP Cores                                             ; Off                ; Off                ;
; Preserve fewer node names                                                       ; On                 ; On                 ;
; Intel FPGA IP Evaluation Mode                                                   ; Enable             ; Enable             ;
; Verilog Version                                                                 ; Verilog_2001       ; Verilog_2001       ;
; VHDL Version                                                                    ; VHDL_1993          ; VHDL_1993          ;
; State Machine Processing                                                        ; Auto               ; Auto               ;
; Safe State Machine                                                              ; Off                ; Off                ;
; Extract Verilog State Machines                                                  ; On                 ; On                 ;
; Extract VHDL State Machines                                                     ; On                 ; On                 ;
; Ignore Verilog initial constructs                                               ; Off                ; Off                ;
; Iteration limit for constant Verilog loops                                      ; 5000               ; 5000               ;
; Iteration limit for non-constant Verilog loops                                  ; 250                ; 250                ;
; Add Pass-Through Logic to Inferred RAMs                                         ; On                 ; On                 ;
; Infer RAMs from Raw Logic                                                       ; On                 ; On                 ;
; Parallel Synthesis                                                              ; On                 ; On                 ;
; DSP Block Balancing                                                             ; Auto               ; Auto               ;
; NOT Gate Push-Back                                                              ; On                 ; On                 ;
; Power-Up Don't Care                                                             ; On                 ; On                 ;
; Remove Redundant Logic Cells                                                    ; Off                ; Off                ;
; Remove Duplicate Registers                                                      ; On                 ; On                 ;
; Ignore CARRY Buffers                                                            ; Off                ; Off                ;
; Ignore CASCADE Buffers                                                          ; Off                ; Off                ;
; Ignore GLOBAL Buffers                                                           ; Off                ; Off                ;
; Ignore ROW GLOBAL Buffers                                                       ; Off                ; Off                ;
; Ignore LCELL Buffers                                                            ; Off                ; Off                ;
; Ignore SOFT Buffers                                                             ; On                 ; On                 ;
; Limit AHDL Integers to 32 Bits                                                  ; Off                ; Off                ;
; Optimization Technique                                                          ; Balanced           ; Balanced           ;
; Carry Chain Length                                                              ; 70                 ; 70                 ;
; Auto Carry Chains                                                               ; On                 ; On                 ;
; Auto Open-Drain Pins                                                            ; On                 ; On                 ;
; Perform WYSIWYG Primitive Resynthesis                                           ; Off                ; Off                ;
; Auto ROM Replacement                                                            ; On                 ; On                 ;
; Auto RAM Replacement                                                            ; On                 ; On                 ;
; Auto DSP Block Replacement                                                      ; On                 ; On                 ;
; Auto Shift Register Replacement                                                 ; Auto               ; Auto               ;
; Allow Shift Register Merging across Hierarchies                                 ; Auto               ; Auto               ;
; Auto Clock Enable Replacement                                                   ; On                 ; On                 ;
; Strict RAM Replacement                                                          ; Off                ; Off                ;
; Allow Synchronous Control Signals                                               ; On                 ; On                 ;
; Force Use of Synchronous Clear Signals                                          ; Off                ; Off                ;
; Auto Resource Sharing                                                           ; Off                ; Off                ;
; Allow Any RAM Size For Recognition                                              ; Off                ; Off                ;
; Allow Any ROM Size For Recognition                                              ; Off                ; Off                ;
; Allow Any Shift Register Size For Recognition                                   ; Off                ; Off                ;
; Use LogicLock Constraints during Resource Balancing                             ; On                 ; On                 ;
; Ignore translate_off and synthesis_off directives                               ; Off                ; Off                ;
; Timing-Driven Synthesis                                                         ; On                 ; On                 ;
; Report Parameter Settings                                                       ; On                 ; On                 ;
; Report Source Assignments                                                       ; On                 ; On                 ;
; Report Connectivity Checks                                                      ; On                 ; On                 ;
; Ignore Maximum Fan-Out Assignments                                              ; Off                ; Off                ;
; Synchronization Register Chain Length                                           ; 3                  ; 3                  ;
; Power Optimization During Synthesis                                             ; Normal compilation ; Normal compilation ;
; HDL message level                                                               ; Level2             ; Level2             ;
; Suppress Register Optimization Related Messages                                 ; Off                ; Off                ;
; Number of Removed Registers Reported in Synthesis Report                        ; 5000               ; 5000               ;
; Number of Swept Nodes Reported in Synthesis Report                              ; 5000               ; 5000               ;
; Number of Inverted Registers Reported in Synthesis Report                       ; 100                ; 100                ;
; Clock MUX Protection                                                            ; On                 ; On                 ;
; Auto Gated Clock Conversion                                                     ; Off                ; Off                ;
; Block Design Naming                                                             ; Auto               ; Auto               ;
; SDC constraint protection                                                       ; Off                ; Off                ;
; Synthesis Effort                                                                ; Auto               ; Auto               ;
; Shift Register Replacement - Allow Asynchronous Clear Signal                    ; On                 ; On                 ;
; Pre-Mapping Resynthesis Optimization                                            ; Off                ; Off                ;
; Analysis & Synthesis Message Level                                              ; Medium             ; Medium             ;
; Disable Register Merging Across Hierarchies                                     ; Auto               ; Auto               ;
; Resource Aware Inference For Block RAM                                          ; On                 ; On                 ;
; Automatic Parallel Synthesis                                                    ; On                 ; On                 ;
; Partial Reconfiguration Bitstream ID                                            ; Off                ; Off                ;
+---------------------------------------------------------------------------------+--------------------+--------------------+


+---------------------------------+
; Analysis & Elaboration Messages ;
+---------------------------------+
Info: *******************************************************************
Info: Running Quartus Prime Analysis & Elaboration
    Info: Version 20.1.0 Build 711 06/05/2020 SJ Lite Edition
    Info: Processing started: Fri Nov 13 21:36:11 2020
Info: Command: quartus_map --read_settings_files=on --write_settings_files=off CPUVectorial -c CPUVectorial --analysis_and_elaboration
Warning (18236): Number of processors has not been specified which may cause overloading on shared machines.  Set the global assignment NUM_PARALLEL_PROCESSORS in your QSF to an appropriate value for best performance.
Info (20030): Parallel compilation is enabled and will use 8 of the 8 processors detected
Info (12021): Found 1 design units, including 1 entities, in source file componentes/n_bit_register.sv
    Info (12023): Found entity 1: n_bit_register File: C:/Users/mary1/Documents/II SEMESTRE 2020/Arqui2/Proyecto2/CPUVectorial/Componentes/n_bit_register.sv Line: 1
Info (12021): Found 1 design units, including 1 entities, in source file datapath/fetch/fetch.sv
    Info (12023): Found entity 1: Fetch File: C:/Users/mary1/Documents/II SEMESTRE 2020/Arqui2/Proyecto2/CPUVectorial/Datapath/Fetch/Fetch.sv Line: 1
Info (12021): Found 1 design units, including 1 entities, in source file datapath/execute/alu/scalaralu.sv
    Info (12023): Found entity 1: ScalarALU File: C:/Users/mary1/Documents/II SEMESTRE 2020/Arqui2/Proyecto2/CPUVectorial/Datapath/Execute/ALU/ScalarALU.sv Line: 1
Info (12021): Found 1 design units, including 1 entities, in source file datapath/execute/alu/vecalu.sv
    Info (12023): Found entity 1: VecALU File: C:/Users/mary1/Documents/II SEMESTRE 2020/Arqui2/Proyecto2/CPUVectorial/Datapath/Execute/ALU/VecALU.sv Line: 1
Info (12021): Found 1 design units, including 1 entities, in source file pipes/fetchpipe.sv
    Info (12023): Found entity 1: FetchPipe File: C:/Users/mary1/Documents/II SEMESTRE 2020/Arqui2/Proyecto2/CPUVectorial/Pipes/FetchPipe.sv Line: 1
Info (12021): Found 1 design units, including 1 entities, in source file pipes/decodepipe.sv
    Info (12023): Found entity 1: DecodePipe File: C:/Users/mary1/Documents/II SEMESTRE 2020/Arqui2/Proyecto2/CPUVectorial/Pipes/DecodePipe.sv Line: 1
Info (12021): Found 1 design units, including 1 entities, in source file pipes/writebackpipe.sv
    Info (12023): Found entity 1: WriteBackPipe File: C:/Users/mary1/Documents/II SEMESTRE 2020/Arqui2/Proyecto2/CPUVectorial/Pipes/WriteBackPipe.sv Line: 1
Info (12021): Found 1 design units, including 1 entities, in source file componentes/n_bit_mux.sv
    Info (12023): Found entity 1: n_bit_mux File: C:/Users/mary1/Documents/II SEMESTRE 2020/Arqui2/Proyecto2/CPUVectorial/Componentes/n_bit_mux.sv Line: 1
Info (12021): Found 1 design units, including 1 entities, in source file datapath/decode/decode.sv
    Info (12023): Found entity 1: Decode File: C:/Users/mary1/Documents/II SEMESTRE 2020/Arqui2/Proyecto2/CPUVectorial/Datapath/Decode/Decode.sv Line: 1
Info (12021): Found 1 design units, including 1 entities, in source file testbenchs/testbenchalu.sv
    Info (12023): Found entity 1: TestbenchALU File: C:/Users/mary1/Documents/II SEMESTRE 2020/Arqui2/Proyecto2/CPUVectorial/TestBenchs/TestbenchALU.sv Line: 1
Info (12021): Found 1 design units, including 1 entities, in source file componentes/extendunit.sv
    Info (12023): Found entity 1: extendUnit File: C:/Users/mary1/Documents/II SEMESTRE 2020/Arqui2/Proyecto2/CPUVectorial/Componentes/extendUnit.sv Line: 1
Info (12021): Found 1 design units, including 1 entities, in source file datapath/decode/vecregfile.sv
    Info (12023): Found entity 1: VecRegFile File: C:/Users/mary1/Documents/II SEMESTRE 2020/Arqui2/Proyecto2/CPUVectorial/Datapath/Decode/VecRegFile.sv Line: 1
Info (12021): Found 1 design units, including 1 entities, in source file componentes/vecmux3_1.sv
    Info (12023): Found entity 1: VecMux3_1 File: C:/Users/mary1/Documents/II SEMESTRE 2020/Arqui2/Proyecto2/CPUVectorial/Componentes/VecMux3_1.sv Line: 1
Info (12021): Found 1 design units, including 1 entities, in source file componentes/vecmux2_1.sv
    Info (12023): Found entity 1: VecMux2_1 File: C:/Users/mary1/Documents/II SEMESTRE 2020/Arqui2/Proyecto2/CPUVectorial/Componentes/VecMux2_1.sv Line: 1
Info (12021): Found 1 design units, including 1 entities, in source file datapath/execute/execute.sv
    Info (12023): Found entity 1: Execute File: C:/Users/mary1/Documents/II SEMESTRE 2020/Arqui2/Proyecto2/CPUVectorial/Datapath/Execute/Execute.sv Line: 1
Info (12021): Found 1 design units, including 1 entities, in source file datapath/writeback/writeback.sv
    Info (12023): Found entity 1: WriteBack File: C:/Users/mary1/Documents/II SEMESTRE 2020/Arqui2/Proyecto2/CPUVectorial/Datapath/WriteBack/WriteBack.sv Line: 1
Info (12021): Found 1 design units, including 1 entities, in source file pipes/executepipe.sv
    Info (12023): Found entity 1: ExecutePipe File: C:/Users/mary1/Documents/II SEMESTRE 2020/Arqui2/Proyecto2/CPUVectorial/Pipes/ExecutePipe.sv Line: 1
Info (12021): Found 1 design units, including 1 entities, in source file datapath/datapath.sv
    Info (12023): Found entity 1: DataPath File: C:/Users/mary1/Documents/II SEMESTRE 2020/Arqui2/Proyecto2/CPUVectorial/Datapath/DataPath.sv Line: 1
Info (12021): Found 1 design units, including 1 entities, in source file hazardunit/hazardunit.sv
    Info (12023): Found entity 1: HazardUnit File: C:/Users/mary1/Documents/II SEMESTRE 2020/Arqui2/Proyecto2/CPUVectorial/HazardUnit/HazardUnit.sv Line: 1
Info (12021): Found 1 design units, including 1 entities, in source file control-unit/maindecoder.sv
    Info (12023): Found entity 1: MainDecoder File: C:/Users/mary1/Documents/II SEMESTRE 2020/Arqui2/Proyecto2/CPUVectorial/Control-Unit/MainDecoder.sv Line: 1
Info (12021): Found 1 design units, including 1 entities, in source file control-unit/decoder.sv
    Info (12023): Found entity 1: Decoder File: C:/Users/mary1/Documents/II SEMESTRE 2020/Arqui2/Proyecto2/CPUVectorial/Control-Unit/Decoder.sv Line: 1
Info (12021): Found 1 design units, including 1 entities, in source file control-unit/aludecoder.sv
    Info (12023): Found entity 1: ALUDecoder File: C:/Users/mary1/Documents/II SEMESTRE 2020/Arqui2/Proyecto2/CPUVectorial/Control-Unit/ALUDecoder.sv Line: 1
Info (12021): Found 1 design units, including 1 entities, in source file control-unit/controlunit.sv
    Info (12023): Found entity 1: ControlUnit File: C:/Users/mary1/Documents/II SEMESTRE 2020/Arqui2/Proyecto2/CPUVectorial/Control-Unit/ControlUnit.sv Line: 1
Info (12127): Elaborating entity "ControlUnit" for the top level hierarchy
Info (12128): Elaborating entity "Decoder" for hierarchy "Decoder:decoderUnit" File: C:/Users/mary1/Documents/II SEMESTRE 2020/Arqui2/Proyecto2/CPUVectorial/Control-Unit/ControlUnit.sv Line: 9
Info (12128): Elaborating entity "MainDecoder" for hierarchy "Decoder:decoderUnit|MainDecoder:mainDecoder" File: C:/Users/mary1/Documents/II SEMESTRE 2020/Arqui2/Proyecto2/CPUVectorial/Control-Unit/Decoder.sv Line: 17
Info (12128): Elaborating entity "ALUDecoder" for hierarchy "Decoder:decoderUnit|ALUDecoder:aluDecoder" File: C:/Users/mary1/Documents/II SEMESTRE 2020/Arqui2/Proyecto2/CPUVectorial/Control-Unit/Decoder.sv Line: 20
Warning (10240): Verilog HDL Always Construct warning at ALUDecoder.sv(17): inferring latch(es) for variable "logicOutputs", which holds its previous value in one or more paths through the always construct File: C:/Users/mary1/Documents/II SEMESTRE 2020/Arqui2/Proyecto2/CPUVectorial/Control-Unit/ALUDecoder.sv Line: 17
Info (10041): Inferred latch for "logicOutputs[0]" at ALUDecoder.sv(17) File: C:/Users/mary1/Documents/II SEMESTRE 2020/Arqui2/Proyecto2/CPUVectorial/Control-Unit/ALUDecoder.sv Line: 17
Info (10041): Inferred latch for "logicOutputs[1]" at ALUDecoder.sv(17) File: C:/Users/mary1/Documents/II SEMESTRE 2020/Arqui2/Proyecto2/CPUVectorial/Control-Unit/ALUDecoder.sv Line: 17
Info (10041): Inferred latch for "logicOutputs[2]" at ALUDecoder.sv(17) File: C:/Users/mary1/Documents/II SEMESTRE 2020/Arqui2/Proyecto2/CPUVectorial/Control-Unit/ALUDecoder.sv Line: 17
Info (10041): Inferred latch for "logicOutputs[3]" at ALUDecoder.sv(17) File: C:/Users/mary1/Documents/II SEMESTRE 2020/Arqui2/Proyecto2/CPUVectorial/Control-Unit/ALUDecoder.sv Line: 17
Info (144001): Generated suppressed messages file C:/Users/mary1/Documents/II SEMESTRE 2020/Arqui2/Proyecto2/CPUVectorial/output_files/CPUVectorial.map.smsg
Info: Quartus Prime Analysis & Elaboration was successful. 0 errors, 2 warnings
    Info: Peak virtual memory: 4776 megabytes
    Info: Processing ended: Fri Nov 13 21:36:24 2020
    Info: Elapsed time: 00:00:13
    Info: Total CPU time (on all processors): 00:00:32


+--------------------------------------------+
; Analysis & Elaboration Suppressed Messages ;
+--------------------------------------------+
The suppressed messages can be found in C:/Users/mary1/Documents/II SEMESTRE 2020/Arqui2/Proyecto2/CPUVectorial/output_files/CPUVectorial.map.smsg.


